Performing C SOURCE FILE Test CMAKE_HAVE_LIBC_PTHREAD failed with the following output:
Change Dir: /home/user1/CLionProjects/MotionPlanningExplorerGUI/cmake-build-debug/CMakeFiles/CMakeTmp

Run Build Command(s):/usr/bin/make cmTC_06739/fast && /usr/bin/make -f CMakeFiles/cmTC_06739.dir/build.make CMakeFiles/cmTC_06739.dir/build
make[1]: Verzeichnis „/home/user1/CLionProjects/MotionPlanningExplorerGUI/cmake-build-debug/CMakeFiles/CMakeTmp“ wird betreten
Building C object CMakeFiles/cmTC_06739.dir/src.c.o
/usr/bin/cc   -DCMAKE_HAVE_LIBC_PTHREAD   -o CMakeFiles/cmTC_06739.dir/src.c.o   -c /home/user1/CLionProjects/MotionPlanningExplorerGUI/cmake-build-debug/CMakeFiles/CMakeTmp/src.c
Linking C executable cmTC_06739
/home/user1/clion-2019.3.3/bin/cmake/linux/bin/cmake -E cmake_link_script CMakeFiles/cmTC_06739.dir/link.txt --verbose=1
/usr/bin/cc  -DCMAKE_HAVE_LIBC_PTHREAD    -rdynamic CMakeFiles/cmTC_06739.dir/src.c.o  -o cmTC_06739 
/usr/bin/ld: CMakeFiles/cmTC_06739.dir/src.c.o: in function `main':
src.c:(.text+0x46): undefined reference to `pthread_create'
/usr/bin/ld: src.c:(.text+0x52): undefined reference to `pthread_detach'
/usr/bin/ld: src.c:(.text+0x63): undefined reference to `pthread_join'
collect2: error: ld returned 1 exit status
make[1]: *** [CMakeFiles/cmTC_06739.dir/build.make:87: cmTC_06739] Fehler 1
make[1]: Verzeichnis „/home/user1/CLionProjects/MotionPlanningExplorerGUI/cmake-build-debug/CMakeFiles/CMakeTmp“ wird verlassen
make: *** [Makefile:121: cmTC_06739/fast] Fehler 2


Source file was:
#include <pthread.h>

void* test_func(void* data)
{
  return data;
}

int main(void)
{
  pthread_t thread;
  pthread_create(&thread, NULL, test_func, NULL);
  pthread_detach(thread);
  pthread_join(thread, NULL);
  pthread_atfork(NULL, NULL, NULL);
  pthread_exit(NULL);

  return 0;
}

Determining if the function pthread_create exists in the pthreads failed with the following output:
Change Dir: /home/user1/CLionProjects/MotionPlanningExplorerGUI/cmake-build-debug/CMakeFiles/CMakeTmp

Run Build Command(s):/usr/bin/make cmTC_54b5f/fast && /usr/bin/make -f CMakeFiles/cmTC_54b5f.dir/build.make CMakeFiles/cmTC_54b5f.dir/build
make[1]: Verzeichnis „/home/user1/CLionProjects/MotionPlanningExplorerGUI/cmake-build-debug/CMakeFiles/CMakeTmp“ wird betreten
Building C object CMakeFiles/cmTC_54b5f.dir/CheckFunctionExists.c.o
/usr/bin/cc   -DCHECK_FUNCTION_EXISTS=pthread_create   -o CMakeFiles/cmTC_54b5f.dir/CheckFunctionExists.c.o   -c /home/user1/clion-2019.3.3/bin/cmake/linux/share/cmake-3.15/Modules/CheckFunctionExists.c
Linking C executable cmTC_54b5f
/home/user1/clion-2019.3.3/bin/cmake/linux/bin/cmake -E cmake_link_script CMakeFiles/cmTC_54b5f.dir/link.txt --verbose=1
/usr/bin/cc  -DCHECK_FUNCTION_EXISTS=pthread_create    -rdynamic CMakeFiles/cmTC_54b5f.dir/CheckFunctionExists.c.o  -o cmTC_54b5f -lpthreads 
/usr/bin/ld: -lpthreads kann nicht gefunden werden
collect2: error: ld returned 1 exit status
make[1]: *** [CMakeFiles/cmTC_54b5f.dir/build.make:87: cmTC_54b5f] Fehler 1
make[1]: Verzeichnis „/home/user1/CLionProjects/MotionPlanningExplorerGUI/cmake-build-debug/CMakeFiles/CMakeTmp“ wird verlassen
make: *** [Makefile:121: cmTC_54b5f/fast] Fehler 2



